09/02/2026 21:59:15 PM: DEBUG - [cursor_del_pool.py:11] Inicio del metodo with __enter__
09/02/2026 21:59:15 PM: DEBUG - [conexion.py:25] Creacion del pool exitosa: test_db
09/02/2026 21:59:15 PM: DEBUG - [conexion.py:37] Conexion exitosa: <connection object at 0x000001A45FB7F450; dsn: 'user=postgres password=xxx dbname=test_db host=localhost port=5432', closed: 0>
09/02/2026 21:59:15 PM: DEBUG - [usuario_dao.py:16] Seleccionando Usuarios
09/02/2026 21:59:15 PM: DEBUG - [cursor_del_pool.py:17] Se ejecuta metodo __exit__
09/02/2026 21:59:15 PM: DEBUG - [cursor_del_pool.py:23] Commit de la transaccion
09/02/2026 21:59:15 PM: DEBUG - [conexion.py:43] Regresamos la conexion al pool: <connection object at 0x000001A45FB7F450; dsn: 'user=postgres password=xxx dbname=test_db host=localhost port=5432', closed: 0>
09/02/2026 21:59:52 PM: DEBUG - [cursor_del_pool.py:11] Inicio del metodo with __enter__
09/02/2026 21:59:52 PM: DEBUG - [conexion.py:25] Creacion del pool exitosa: test_db
09/02/2026 21:59:52 PM: DEBUG - [conexion.py:37] Conexion exitosa: <connection object at 0x00000221C2CDF450; dsn: 'user=postgres password=xxx dbname=test_db host=localhost port=5432', closed: 0>
09/02/2026 21:59:52 PM: DEBUG - [usuario_dao.py:16] Seleccionando Usuarios
09/02/2026 21:59:52 PM: DEBUG - [cursor_del_pool.py:17] Se ejecuta metodo __exit__
09/02/2026 21:59:52 PM: DEBUG - [cursor_del_pool.py:23] Commit de la transaccion
09/02/2026 21:59:52 PM: DEBUG - [conexion.py:43] Regresamos la conexion al pool: <connection object at 0x00000221C2CDF450; dsn: 'user=postgres password=xxx dbname=test_db host=localhost port=5432', closed: 0>
09/02/2026 22:01:05 PM: DEBUG - [cursor_del_pool.py:11] Inicio del metodo with __enter__
09/02/2026 22:01:05 PM: DEBUG - [conexion.py:25] Creacion del pool exitosa: test_db
09/02/2026 22:01:05 PM: DEBUG - [conexion.py:37] Conexion exitosa: <connection object at 0x0000022BD0C9F450; dsn: 'user=postgres password=xxx dbname=test_db host=localhost port=5432', closed: 0>
09/02/2026 22:01:05 PM: DEBUG - [usuario_dao.py:16] Seleccionando Usuarios
09/02/2026 22:01:05 PM: DEBUG - [cursor_del_pool.py:17] Se ejecuta metodo __exit__
09/02/2026 22:01:05 PM: DEBUG - [cursor_del_pool.py:23] Commit de la transaccion
09/02/2026 22:01:05 PM: DEBUG - [conexion.py:43] Regresamos la conexion al pool: <connection object at 0x0000022BD0C9F450; dsn: 'user=postgres password=xxx dbname=test_db host=localhost port=5432', closed: 0>
09/02/2026 22:01:05 PM: INFO - [MenuAppUsuario.py:16] Id Usuario: 1, Username: jperez, Password: 123
09/02/2026 22:01:05 PM: INFO - [MenuAppUsuario.py:16] Id Usuario: 2, Username: kgomez, Password: 456
09/02/2026 22:03:57 PM: INFO - [MenuAppUsuario.py:18] salimos de la aplicacion
09/02/2026 22:04:31 PM: INFO - [MenuAppUsuario.py:16] Id Usuario: 1, Username: jperez, Password: 123
09/02/2026 22:04:31 PM: INFO - [MenuAppUsuario.py:16] Id Usuario: 2, Username: kgomez, Password: 456
09/02/2026 22:11:53 PM: INFO - [MenuAppUsuario.py:24] Usuarios insertados: 1
09/02/2026 22:12:31 PM: INFO - [MenuAppUsuario.py:32] Usuarios actualizados: 1
09/02/2026 22:12:58 PM: INFO - [MenuAppUsuario.py:38] Usuarios eliminados: 1
09/02/2026 22:13:01 PM: INFO - [MenuAppUsuario.py:17] Id Usuario: 1, Username: pppecas, Password: siverdad
09/02/2026 22:13:01 PM: INFO - [MenuAppUsuario.py:17] Id Usuario: 3, Username: pique, Password: 1234
09/02/2026 22:13:31 PM: INFO - [MenuAppUsuario.py:32] Usuarios actualizados: 0
09/02/2026 22:13:46 PM: INFO - [MenuAppUsuario.py:17] Id Usuario: 1, Username: pppecas, Password: siverdad
09/02/2026 22:13:46 PM: INFO - [MenuAppUsuario.py:17] Id Usuario: 3, Username: pique, Password: 1234
09/02/2026 22:14:04 PM: INFO - [MenuAppUsuario.py:24] Usuarios insertados: 1
